<?xml version="1.0" encoding="UTF-8"?>
<robot generator="Robot 3.1.1 (Python 3.7.2 on darwin)" generated="20190425 00:09:32.081" rpa="false">
<suite id="s1" name="TicTacToe" source="/Users/michaelrose/ws/calendly/TicTacToe">
<suite id="s1-s1" name="Gameplay" source="/Users/michaelrose/ws/calendly/TicTacToe/Gameplay.robot">
<test id="s1-s1-t1" name="Play a Standard Game">
<kw name="Go To Tic Tac Toe Site" library="Resource" type="setup">
<doc>Open a browser and navigate to https://codepen.io/jshlfts32/full/bjambP/ to play Tic Tac Toe!</doc>
<kw name="Open Browser" library="TicTacToe">
<doc>Opens a new browser instance to the given ``url``.</doc>
<arguments>
<arg>${GAME_URL}</arg>
<arg>browser=${BROWSER}</arg>
</arguments>
<msg timestamp="20190425 00:09:33.293" level="INFO">Opening browser 'Safari' to base url 'https://codepen.io/jshlfts32/full/bjambP/'.</msg>
<status status="PASS" starttime="20190425 00:09:33.292" endtime="20190425 00:09:39.484"></status>
</kw>
<kw name="Set Selenium Speed" library="TicTacToe">
<doc>Sets the delay that is waited after each Selenium command.</doc>
<arguments>
<arg>0.15 seconds</arg>
</arguments>
<status status="PASS" starttime="20190425 00:09:39.486" endtime="20190425 00:09:39.491"></status>
</kw>
<kw name="Set Window Size" library="TicTacToe">
<doc>Sets current windows size to given ``width`` and ``height``.</doc>
<arguments>
<arg>1440</arg>
<arg>800</arg>
</arguments>
<status status="PASS" starttime="20190425 00:09:39.492" endtime="20190425 00:09:39.782"></status>
</kw>
<kw name="Set Window Position" library="TicTacToe">
<doc>Sets window position using ``x`` and ``y`` coordinates.</doc>
<arguments>
<arg>2</arg>
<arg>2</arg>
</arguments>
<status status="PASS" starttime="20190425 00:09:39.783" endtime="20190425 00:09:40.037"></status>
</kw>
<kw name="Select Frame" library="TicTacToe">
<doc>Sets frame identified by ``locator`` as the current frame.</doc>
<arguments>
<arg>${PAGE_FRAME}</arg>
</arguments>
<msg timestamp="20190425 00:09:40.039" level="INFO">Selecting frame 'id:result'.</msg>
<status status="PASS" starttime="20190425 00:09:40.037" endtime="20190425 00:09:40.492"></status>
</kw>
<status status="PASS" starttime="20190425 00:09:33.289" endtime="20190425 00:09:40.493"></status>
</kw>
<kw name="Start A New Game" library="TicTacToe">
<doc>Start a new game of Tic Tac Toe on the site. Default board ``size`` is 3x3.</doc>
<msg timestamp="20190425 00:09:40.496" level="INFO">Starting a new game of Tic Tac Toe on a 3x3 board.</msg>
<msg timestamp="20190425 00:09:40.980" level="INFO">Typing text '3' into text field 'id:number'.</msg>
<msg timestamp="20190425 00:09:41.783" level="INFO">Clicking button 'Play'.</msg>
<status status="PASS" starttime="20190425 00:09:40.495" endtime="20190425 00:09:43.085"></status>
</kw>
<kw name="Enter X In Table Cell" library="TicTacToe">
<doc>Click in the displayed Tic Tac Toe board to enter an X into the desired cell, defined by the ``row``
index and ``column`` index (1-based). If the space is already occupied, this will cause an error.</doc>
<arguments>
<arg>row=1</arg>
<arg>column=1</arg>
</arguments>
<msg timestamp="20190425 00:09:43.087" level="INFO">xpath://td[@data-row='0' and @data-column=0]</msg>
<msg timestamp="20190425 00:09:43.530" level="INFO">Clicking row 1, column 1 to place an X in the cell.</msg>
<msg timestamp="20190425 00:09:43.530" level="INFO">Clicking element 'xpath://td[@data-row='0' and @data-column=0]'.</msg>
<status status="PASS" starttime="20190425 00:09:43.086" endtime="20190425 00:09:44.478"></status>
</kw>
<kw name="Enter O In Table Cell" library="TicTacToe">
<doc>Click in the displayed Tic Tac Toe board to enter an X into the desired cell, defined by the ``row``
index and ``column`` index (1-based).</doc>
<arguments>
<arg>row=1</arg>
<arg>column=2</arg>
</arguments>
<msg timestamp="20190425 00:09:44.482" level="INFO">xpath://td[@data-row='0' and @data-column=1]</msg>
<msg timestamp="20190425 00:09:44.928" level="INFO">Clicking row 1, column 2 to place an O in the cell.</msg>
<msg timestamp="20190425 00:09:44.928" level="INFO">Clicking element 'xpath://td[@data-row='0' and @data-column=1]'.</msg>
<status status="PASS" starttime="20190425 00:09:44.481" endtime="20190425 00:09:45.837"></status>
</kw>
<kw name="Enter X In Table Cell" library="TicTacToe">
<doc>Click in the displayed Tic Tac Toe board to enter an X into the desired cell, defined by the ``row``
index and ``column`` index (1-based). If the space is already occupied, this will cause an error.</doc>
<arguments>
<arg>row=1</arg>
<arg>column=3</arg>
</arguments>
<msg timestamp="20190425 00:09:45.838" level="INFO">xpath://td[@data-row='0' and @data-column=2]</msg>
<msg timestamp="20190425 00:09:46.277" level="INFO">Clicking row 1, column 3 to place an X in the cell.</msg>
<msg timestamp="20190425 00:09:46.277" level="INFO">Clicking element 'xpath://td[@data-row='0' and @data-column=2]'.</msg>
<status status="PASS" starttime="20190425 00:09:45.838" endtime="20190425 00:09:47.178"></status>
</kw>
<kw name="Enter O In Table Cell" library="TicTacToe">
<doc>Click in the displayed Tic Tac Toe board to enter an X into the desired cell, defined by the ``row``
index and ``column`` index (1-based).</doc>
<arguments>
<arg>row=2</arg>
<arg>column=1</arg>
</arguments>
<msg timestamp="20190425 00:09:47.179" level="INFO">xpath://td[@data-row='1' and @data-column=0]</msg>
<msg timestamp="20190425 00:09:47.592" level="INFO">Clicking row 2, column 1 to place an O in the cell.</msg>
<msg timestamp="20190425 00:09:47.592" level="INFO">Clicking element 'xpath://td[@data-row='1' and @data-column=0]'.</msg>
<status status="PASS" starttime="20190425 00:09:47.178" endtime="20190425 00:09:48.488"></status>
</kw>
<kw name="Enter X In Table Cell" library="TicTacToe">
<doc>Click in the displayed Tic Tac Toe board to enter an X into the desired cell, defined by the ``row``
index and ``column`` index (1-based). If the space is already occupied, this will cause an error.</doc>
<arguments>
<arg>row=2</arg>
<arg>column=2</arg>
</arguments>
<msg timestamp="20190425 00:09:48.491" level="INFO">xpath://td[@data-row='1' and @data-column=1]</msg>
<msg timestamp="20190425 00:09:48.979" level="INFO">Clicking row 2, column 2 to place an X in the cell.</msg>
<msg timestamp="20190425 00:09:48.980" level="INFO">Clicking element 'xpath://td[@data-row='1' and @data-column=1]'.</msg>
<status status="PASS" starttime="20190425 00:09:48.490" endtime="20190425 00:09:49.886"></status>
</kw>
<kw name="Enter O In Table Cell" library="TicTacToe">
<doc>Click in the displayed Tic Tac Toe board to enter an X into the desired cell, defined by the ``row``
index and ``column`` index (1-based).</doc>
<arguments>
<arg>row=2</arg>
<arg>column=3</arg>
</arguments>
<msg timestamp="20190425 00:09:49.888" level="INFO">xpath://td[@data-row='1' and @data-column=2]</msg>
<msg timestamp="20190425 00:09:50.339" level="INFO">Clicking row 2, column 3 to place an O in the cell.</msg>
<msg timestamp="20190425 00:09:50.340" level="INFO">Clicking element 'xpath://td[@data-row='1' and @data-column=2]'.</msg>
<status status="PASS" starttime="20190425 00:09:49.887" endtime="20190425 00:09:51.237"></status>
</kw>
<kw name="Enter X In Table Cell" library="TicTacToe">
<doc>Click in the displayed Tic Tac Toe board to enter an X into the desired cell, defined by the ``row``
index and ``column`` index (1-based). If the space is already occupied, this will cause an error.</doc>
<arguments>
<arg>row=3</arg>
<arg>column=1</arg>
</arguments>
<msg timestamp="20190425 00:09:51.239" level="INFO">xpath://td[@data-row='2' and @data-column=0]</msg>
<msg timestamp="20190425 00:09:51.677" level="INFO">Clicking row 3, column 1 to place an X in the cell.</msg>
<msg timestamp="20190425 00:09:51.677" level="INFO">Clicking element 'xpath://td[@data-row='2' and @data-column=0]'.</msg>
<status status="PASS" starttime="20190425 00:09:51.238" endtime="20190425 00:09:52.538"></status>
</kw>
<kw name="Enter O In Table Cell" library="TicTacToe">
<doc>Click in the displayed Tic Tac Toe board to enter an X into the desired cell, defined by the ``row``
index and ``column`` index (1-based).</doc>
<arguments>
<arg>row=3</arg>
<arg>column=2</arg>
</arguments>
<msg timestamp="20190425 00:09:52.541" level="INFO">xpath://td[@data-row='2' and @data-column=1]</msg>
<msg timestamp="20190425 00:09:52.977" level="INFO">Clicking row 3, column 2 to place an O in the cell.</msg>
<msg timestamp="20190425 00:09:52.978" level="INFO">Clicking element 'xpath://td[@data-row='2' and @data-column=1]'.</msg>
<status status="PASS" starttime="20190425 00:09:52.539" endtime="20190425 00:09:53.887"></status>
</kw>
<kw name="Enter X In Table Cell" library="TicTacToe">
<doc>Click in the displayed Tic Tac Toe board to enter an X into the desired cell, defined by the ``row``
index and ``column`` index (1-based). If the space is already occupied, this will cause an error.</doc>
<arguments>
<arg>row=3</arg>
<arg>column=3</arg>
</arguments>
<msg timestamp="20190425 00:09:53.890" level="INFO">xpath://td[@data-row='2' and @data-column=2]</msg>
<msg timestamp="20190425 00:09:54.330" level="INFO">Clicking row 3, column 3 to place an X in the cell.</msg>
<msg timestamp="20190425 00:09:54.330" level="INFO">Clicking element 'xpath://td[@data-row='2' and @data-column=2]'.</msg>
<status status="PASS" starttime="20190425 00:09:53.888" endtime="20190425 00:09:55.240"></status>
</kw>
<kw name="Close All Browsers" library="TicTacToe" type="teardown">
<doc>Closes all open browsers and resets the browser cache.</doc>
<status status="PASS" starttime="20190425 00:09:55.241" endtime="20190425 00:09:55.502"></status>
</kw>
<doc>Verify the standard game board is filled with the expected letters when cells are clicked.</doc>
<tags>
<tag>Gameplay</tag>
</tags>
<status status="PASS" starttime="20190425 00:09:33.285" endtime="20190425 00:09:55.502" critical="yes"></status>
</test>
<test id="s1-s1-t2" name="Clicking Multiple Times In A Single Cell Should Have No Effect">
<kw name="Go To Tic Tac Toe Site" library="Resource" type="setup">
<doc>Open a browser and navigate to https://codepen.io/jshlfts32/full/bjambP/ to play Tic Tac Toe!</doc>
<kw name="Open Browser" library="TicTacToe">
<doc>Opens a new browser instance to the given ``url``.</doc>
<arguments>
<arg>${GAME_URL}</arg>
<arg>browser=${BROWSER}</arg>
</arguments>
<msg timestamp="20190425 00:09:55.528" level="INFO">Opening browser 'Safari' to base url 'https://codepen.io/jshlfts32/full/bjambP/'.</msg>
<status status="PASS" starttime="20190425 00:09:55.524" endtime="20190425 00:10:02.380"></status>
</kw>
<kw name="Set Selenium Speed" library="TicTacToe">
<doc>Sets the delay that is waited after each Selenium command.</doc>
<arguments>
<arg>0.15 seconds</arg>
</arguments>
<status status="PASS" starttime="20190425 00:10:02.382" endtime="20190425 00:10:02.384"></status>
</kw>
<kw name="Set Window Size" library="TicTacToe">
<doc>Sets current windows size to given ``width`` and ``height``.</doc>
<arguments>
<arg>1440</arg>
<arg>800</arg>
</arguments>
<status status="PASS" starttime="20190425 00:10:02.384" endtime="20190425 00:10:02.679"></status>
</kw>
<kw name="Set Window Position" library="TicTacToe">
<doc>Sets window position using ``x`` and ``y`` coordinates.</doc>
<arguments>
<arg>2</arg>
<arg>2</arg>
</arguments>
<status status="PASS" starttime="20190425 00:10:02.680" endtime="20190425 00:10:02.941"></status>
</kw>
<kw name="Select Frame" library="TicTacToe">
<doc>Sets frame identified by ``locator`` as the current frame.</doc>
<arguments>
<arg>${PAGE_FRAME}</arg>
</arguments>
<msg timestamp="20190425 00:10:02.943" level="INFO">Selecting frame 'id:result'.</msg>
<status status="PASS" starttime="20190425 00:10:02.942" endtime="20190425 00:10:03.481"></status>
</kw>
<status status="PASS" starttime="20190425 00:09:55.523" endtime="20190425 00:10:03.484"></status>
</kw>
<kw name="Start A New Game" library="TicTacToe">
<doc>Start a new game of Tic Tac Toe on the site. Default board ``size`` is 3x3.</doc>
<msg timestamp="20190425 00:10:03.493" level="INFO">Starting a new game of Tic Tac Toe on a 3x3 board.</msg>
<msg timestamp="20190425 00:10:04.083" level="INFO">Typing text '3' into text field 'id:number'.</msg>
<msg timestamp="20190425 00:10:04.883" level="INFO">Clicking button 'Play'.</msg>
<status status="PASS" starttime="20190425 00:10:03.491" endtime="20190425 00:10:06.188"></status>
</kw>
<kw name="Enter X In Table Cell" library="TicTacToe">
<doc>Click in the displayed Tic Tac Toe board to enter an X into the desired cell, defined by the ``row``
index and ``column`` index (1-based). If the space is already occupied, this will cause an error.</doc>
<arguments>
<arg>row=1</arg>
<arg>column=1</arg>
</arguments>
<msg timestamp="20190425 00:10:06.190" level="INFO">xpath://td[@data-row='0' and @data-column=0]</msg>
<msg timestamp="20190425 00:10:06.631" level="INFO">Clicking row 1, column 1 to place an X in the cell.</msg>
<msg timestamp="20190425 00:10:06.631" level="INFO">Clicking element 'xpath://td[@data-row='0' and @data-column=0]'.</msg>
<status status="PASS" starttime="20190425 00:10:06.189" endtime="20190425 00:10:07.539"></status>
</kw>
<kw name="Run Keyword And Expect Error" library="BuiltIn">
<doc>Runs the keyword and checks that the expected error occurred.</doc>
<arguments>
<arg>${CELL_CONTENT_ERROR}</arg>
<arg>Enter O in Table Cell</arg>
<arg>row=1</arg>
<arg>column=1</arg>
</arguments>
<kw name="Enter O In Table Cell" library="TicTacToe">
<doc>Click in the displayed Tic Tac Toe board to enter an X into the desired cell, defined by the ``row``
index and ``column`` index (1-based).</doc>
<arguments>
<arg>row=1</arg>
<arg>column=1</arg>
</arguments>
<msg timestamp="20190425 00:10:07.543" level="INFO">xpath://td[@data-row='0' and @data-column=0]</msg>
<msg timestamp="20190425 00:10:07.987" level="INFO">Clicking row 1, column 1 to place an O in the cell.</msg>
<msg timestamp="20190425 00:10:07.988" level="INFO">Clicking element 'xpath://td[@data-row='0' and @data-column=0]'.</msg>
<kw name="Capture Page Screenshot" library="TicTacToe">
<doc>Takes screenshot of the current page and embeds it into log file.</doc>
<msg timestamp="20190425 00:10:14.496" level="INFO" html="yes">&lt;/td&gt;&lt;/tr&gt;&lt;tr&gt;&lt;td colspan="3"&gt;&lt;a href="selenium-screenshot-2.png"&gt;&lt;img src="selenium-screenshot-2.png" width="800px"&gt;&lt;/a&gt;</msg>
<status status="PASS" starttime="20190425 00:10:13.942" endtime="20190425 00:10:14.496"></status>
</kw>
<msg timestamp="20190425 00:10:14.501" level="FAIL">Unexpected content found in row 1, column 1. Expected O, but found something else.</msg>
<status status="FAIL" starttime="20190425 00:10:07.542" endtime="20190425 00:10:14.502"></status>
</kw>
<status status="PASS" starttime="20190425 00:10:07.541" endtime="20190425 00:10:14.505"></status>
</kw>
<kw name="Close All Browsers" library="TicTacToe" type="teardown">
<doc>Closes all open browsers and resets the browser cache.</doc>
<status status="PASS" starttime="20190425 00:10:14.507" endtime="20190425 00:10:14.789"></status>
</kw>
<doc>Verify an already occupied table cell cannot be replaced by another letter.</doc>
<tags>
<tag>Gameplay</tag>
</tags>
<status status="PASS" starttime="20190425 00:09:55.518" endtime="20190425 00:10:14.790" critical="yes"></status>
</test>
<doc>Tic Tac Toe is a game between two players (`X` and `O`) taking turns writing letters in table cells.
In this variant, players can choose the size of the starting board, and then click in the generated
boxes to input letters until the game is over.</doc>
<status status="PASS" starttime="20190425 00:09:32.225" endtime="20190425 00:10:14.798"></status>
</suite>
<suite id="s1-s2" name="GameResults" source="/Users/michaelrose/ws/calendly/TicTacToe/GameResults.robot">
<test id="s1-s2-t1" name="Win with X in a Row">
<kw name="Go To Tic Tac Toe Site" library="Resource" type="setup">
<doc>Open a browser and navigate to https://codepen.io/jshlfts32/full/bjambP/ to play Tic Tac Toe!</doc>
<kw name="Open Browser" library="TicTacToe">
<doc>Opens a new browser instance to the given ``url``.</doc>
<arguments>
<arg>${GAME_URL}</arg>
<arg>browser=${BROWSER}</arg>
</arguments>
<msg timestamp="20190425 00:10:14.888" level="INFO">Opening browser 'Safari' to base url 'https://codepen.io/jshlfts32/full/bjambP/'.</msg>
<status status="PASS" starttime="20190425 00:10:14.887" endtime="20190425 00:10:21.042"></status>
</kw>
<kw name="Set Selenium Speed" library="TicTacToe">
<doc>Sets the delay that is waited after each Selenium command.</doc>
<arguments>
<arg>0.15 seconds</arg>
</arguments>
<status status="PASS" starttime="20190425 00:10:21.046" endtime="20190425 00:10:21.049"></status>
</kw>
<kw name="Set Window Size" library="TicTacToe">
<doc>Sets current windows size to given ``width`` and ``height``.</doc>
<arguments>
<arg>1440</arg>
<arg>800</arg>
</arguments>
<status status="PASS" starttime="20190425 00:10:21.050" endtime="20190425 00:10:21.531"></status>
</kw>
<kw name="Set Window Position" library="TicTacToe">
<doc>Sets window position using ``x`` and ``y`` coordinates.</doc>
<arguments>
<arg>2</arg>
<arg>2</arg>
</arguments>
<status status="PASS" starttime="20190425 00:10:21.532" endtime="20190425 00:10:21.938"></status>
</kw>
<kw name="Select Frame" library="TicTacToe">
<doc>Sets frame identified by ``locator`` as the current frame.</doc>
<arguments>
<arg>${PAGE_FRAME}</arg>
</arguments>
<msg timestamp="20190425 00:10:21.941" level="INFO">Selecting frame 'id:result'.</msg>
<status status="PASS" starttime="20190425 00:10:21.939" endtime="20190425 00:10:22.430"></status>
</kw>
<status status="PASS" starttime="20190425 00:10:14.885" endtime="20190425 00:10:22.431"></status>
</kw>
<kw name="Start A New Game" library="TicTacToe">
<doc>Start a new game of Tic Tac Toe on the site. Default board ``size`` is 3x3.</doc>
<arguments>
<arg>size=3</arg>
</arguments>
<msg timestamp="20190425 00:10:22.433" level="INFO">Starting a new game of Tic Tac Toe on a 3x3 board.</msg>
<msg timestamp="20190425 00:10:22.878" level="INFO">Typing text '3' into text field 'id:number'.</msg>
<msg timestamp="20190425 00:10:23.679" level="INFO">Clicking button 'Play'.</msg>
<status status="PASS" starttime="20190425 00:10:22.432" endtime="20190425 00:10:24.991"></status>
</kw>
<kw name="Enter X In Table Cell" library="TicTacToe">
<doc>Click in the displayed Tic Tac Toe board to enter an X into the desired cell, defined by the ``row``
index and ``column`` index (1-based). If the space is already occupied, this will cause an error.</doc>
<arguments>
<arg>row=1</arg>
<arg>column=1</arg>
</arguments>
<msg timestamp="20190425 00:10:24.993" level="INFO">xpath://td[@data-row='0' and @data-column=0]</msg>
<msg timestamp="20190425 00:10:25.440" level="INFO">Clicking row 1, column 1 to place an X in the cell.</msg>
<msg timestamp="20190425 00:10:25.441" level="INFO">Clicking element 'xpath://td[@data-row='0' and @data-column=0]'.</msg>
<status status="PASS" starttime="20190425 00:10:24.992" endtime="20190425 00:10:26.338"></status>
</kw>
<kw name="Enter O In Table Cell" library="TicTacToe">
<doc>Click in the displayed Tic Tac Toe board to enter an X into the desired cell, defined by the ``row``
index and ``column`` index (1-based).</doc>
<arguments>
<arg>row=2</arg>
<arg>column=1</arg>
</arguments>
<msg timestamp="20190425 00:10:26.340" level="INFO">xpath://td[@data-row='1' and @data-column=0]</msg>
<msg timestamp="20190425 00:10:26.782" level="INFO">Clicking row 2, column 1 to place an O in the cell.</msg>
<msg timestamp="20190425 00:10:26.783" level="INFO">Clicking element 'xpath://td[@data-row='1' and @data-column=0]'.</msg>
<status status="PASS" starttime="20190425 00:10:26.339" endtime="20190425 00:10:27.689"></status>
</kw>
<kw name="Enter X In Table Cell" library="TicTacToe">
<doc>Click in the displayed Tic Tac Toe board to enter an X into the desired cell, defined by the ``row``
index and ``column`` index (1-based). If the space is already occupied, this will cause an error.</doc>
<arguments>
<arg>row=1</arg>
<arg>column=2</arg>
</arguments>
<msg timestamp="20190425 00:10:27.691" level="INFO">xpath://td[@data-row='0' and @data-column=1]</msg>
<msg timestamp="20190425 00:10:28.132" level="INFO">Clicking row 1, column 2 to place an X in the cell.</msg>
<msg timestamp="20190425 00:10:28.132" level="INFO">Clicking element 'xpath://td[@data-row='0' and @data-column=1]'.</msg>
<status status="PASS" starttime="20190425 00:10:27.690" endtime="20190425 00:10:29.043"></status>
</kw>
<kw name="Enter O In Table Cell" library="TicTacToe">
<doc>Click in the displayed Tic Tac Toe board to enter an X into the desired cell, defined by the ``row``
index and ``column`` index (1-based).</doc>
<arguments>
<arg>row=2</arg>
<arg>column=2</arg>
</arguments>
<msg timestamp="20190425 00:10:29.045" level="INFO">xpath://td[@data-row='1' and @data-column=1]</msg>
<msg timestamp="20190425 00:10:29.483" level="INFO">Clicking row 2, column 2 to place an O in the cell.</msg>
<msg timestamp="20190425 00:10:29.484" level="INFO">Clicking element 'xpath://td[@data-row='1' and @data-column=1]'.</msg>
<status status="PASS" starttime="20190425 00:10:29.045" endtime="20190425 00:10:30.437"></status>
</kw>
<kw name="Enter X In Table Cell" library="TicTacToe">
<doc>Click in the displayed Tic Tac Toe board to enter an X into the desired cell, defined by the ``row``
index and ``column`` index (1-based). If the space is already occupied, this will cause an error.</doc>
<arguments>
<arg>row=1</arg>
<arg>column=3</arg>
</arguments>
<msg timestamp="20190425 00:10:30.439" level="INFO">xpath://td[@data-row='0' and @data-column=2]</msg>
<msg timestamp="20190425 00:10:30.881" level="INFO">Clicking row 1, column 3 to place an X in the cell.</msg>
<msg timestamp="20190425 00:10:30.882" level="INFO">Clicking element 'xpath://td[@data-row='0' and @data-column=2]'.</msg>
<status status="PASS" starttime="20190425 00:10:30.438" endtime="20190425 00:10:31.785"></status>
</kw>
<kw name="Winner Should Be Declared" library="Resource">
<doc>Verify that the correct winner is declared after a game is over.</doc>
<arguments>
<arg>X</arg>
</arguments>
<kw name="Wait Until Element Is Visible" library="TicTacToe">
<doc>Waits until element ``locator`` is visible.</doc>
<arguments>
<arg>${GAME_RESULT}</arg>
<arg>error=No result was declared.</arg>
</arguments>
<status status="PASS" starttime="20190425 00:10:31.787" endtime="20190425 00:10:32.243"></status>
</kw>
<kw name="Wait Until Element Contains" library="TicTacToe">
<doc>Waits until element ``locator`` contains ``text``.</doc>
<arguments>
<arg>${GAME_RESULT}</arg>
<arg>Congratulations player ${expected_winner}! You've won. Refresh to play again!</arg>
</arguments>
<kw name="Capture Page Screenshot" library="TicTacToe">
<doc>Takes screenshot of the current page and embeds it into log file.</doc>
<msg timestamp="20190425 00:10:37.942" level="INFO" html="yes">&lt;/td&gt;&lt;/tr&gt;&lt;tr&gt;&lt;td colspan="3"&gt;&lt;a href="selenium-screenshot-3.png"&gt;&lt;img src="selenium-screenshot-3.png" width="800px"&gt;&lt;/a&gt;</msg>
<status status="PASS" starttime="20190425 00:10:37.293" endtime="20190425 00:10:37.942"></status>
</kw>
<msg timestamp="20190425 00:10:37.944" level="FAIL">Element 'id:endgame' did not get text 'Congratulations player X! You've won. Refresh to play again!' in 5 seconds.</msg>
<status status="FAIL" starttime="20190425 00:10:32.243" endtime="20190425 00:10:37.944"></status>
</kw>
<status status="FAIL" starttime="20190425 00:10:31.786" endtime="20190425 00:10:37.945"></status>
</kw>
<kw name="Close All Browsers" library="TicTacToe" type="teardown">
<doc>Closes all open browsers and resets the browser cache.</doc>
<status status="PASS" starttime="20190425 00:10:37.946" endtime="20190425 00:10:38.286"></status>
</kw>
<doc>If *X* fills a row, then player `X` should be declared the winner.</doc>
<tags>
<tag>Game Results</tag>
</tags>
<status status="FAIL" starttime="20190425 00:10:14.882" endtime="20190425 00:10:38.287" critical="yes">Element 'id:endgame' did not get text 'Congratulations player X! You've won. Refresh to play again!' in 5 seconds.</status>
</test>
<test id="s1-s2-t2" name="Win with X in a Column">
<kw name="Go To Tic Tac Toe Site" library="Resource" type="setup">
<doc>Open a browser and navigate to https://codepen.io/jshlfts32/full/bjambP/ to play Tic Tac Toe!</doc>
<kw name="Open Browser" library="TicTacToe">
<doc>Opens a new browser instance to the given ``url``.</doc>
<arguments>
<arg>${GAME_URL}</arg>
<arg>browser=${BROWSER}</arg>
</arguments>
<msg timestamp="20190425 00:10:38.298" level="INFO">Opening browser 'Safari' to base url 'https://codepen.io/jshlfts32/full/bjambP/'.</msg>
<status status="PASS" starttime="20190425 00:10:38.297" endtime="20190425 00:10:44.544"></status>
</kw>
<kw name="Set Selenium Speed" library="TicTacToe">
<doc>Sets the delay that is waited after each Selenium command.</doc>
<arguments>
<arg>0.15 seconds</arg>
</arguments>
<status status="PASS" starttime="20190425 00:10:44.546" endtime="20190425 00:10:44.548"></status>
</kw>
<kw name="Set Window Size" library="TicTacToe">
<doc>Sets current windows size to given ``width`` and ``height``.</doc>
<arguments>
<arg>1440</arg>
<arg>800</arg>
</arguments>
<status status="PASS" starttime="20190425 00:10:44.548" endtime="20190425 00:10:44.938"></status>
</kw>
<kw name="Set Window Position" library="TicTacToe">
<doc>Sets window position using ``x`` and ``y`` coordinates.</doc>
<arguments>
<arg>2</arg>
<arg>2</arg>
</arguments>
<status status="PASS" starttime="20190425 00:10:44.938" endtime="20190425 00:10:45.285"></status>
</kw>
<kw name="Select Frame" library="TicTacToe">
<doc>Sets frame identified by ``locator`` as the current frame.</doc>
<arguments>
<arg>${PAGE_FRAME}</arg>
</arguments>
<msg timestamp="20190425 00:10:45.287" level="INFO">Selecting frame 'id:result'.</msg>
<status status="PASS" starttime="20190425 00:10:45.286" endtime="20190425 00:10:45.788"></status>
</kw>
<status status="PASS" starttime="20190425 00:10:38.295" endtime="20190425 00:10:45.789"></status>
</kw>
<kw name="Start A New Game" library="TicTacToe">
<doc>Start a new game of Tic Tac Toe on the site. Default board ``size`` is 3x3.</doc>
<arguments>
<arg>size=2</arg>
</arguments>
<msg timestamp="20190425 00:10:45.792" level="INFO">Starting a new game of Tic Tac Toe on a 2x2 board.</msg>
<msg timestamp="20190425 00:10:46.283" level="INFO">Typing text '2' into text field 'id:number'.</msg>
<msg timestamp="20190425 00:10:47.083" level="INFO">Clicking button 'Play'.</msg>
<status status="PASS" starttime="20190425 00:10:45.790" endtime="20190425 00:10:48.388"></status>
</kw>
<kw name="Enter X In Table Cell" library="TicTacToe">
<doc>Click in the displayed Tic Tac Toe board to enter an X into the desired cell, defined by the ``row``
index and ``column`` index (1-based). If the space is already occupied, this will cause an error.</doc>
<arguments>
<arg>row=1</arg>
<arg>column=1</arg>
</arguments>
<msg timestamp="20190425 00:10:48.389" level="INFO">xpath://td[@data-row='0' and @data-column=0]</msg>
<msg timestamp="20190425 00:10:48.831" level="INFO">Clicking row 1, column 1 to place an X in the cell.</msg>
<msg timestamp="20190425 00:10:48.832" level="INFO">Clicking element 'xpath://td[@data-row='0' and @data-column=0]'.</msg>
<status status="PASS" starttime="20190425 00:10:48.388" endtime="20190425 00:10:49.736"></status>
</kw>
<kw name="Enter O In Table Cell" library="TicTacToe">
<doc>Click in the displayed Tic Tac Toe board to enter an X into the desired cell, defined by the ``row``
index and ``column`` index (1-based).</doc>
<arguments>
<arg>row=1</arg>
<arg>column=2</arg>
</arguments>
<msg timestamp="20190425 00:10:49.741" level="INFO">xpath://td[@data-row='0' and @data-column=1]</msg>
<msg timestamp="20190425 00:10:50.182" level="INFO">Clicking row 1, column 2 to place an O in the cell.</msg>
<msg timestamp="20190425 00:10:50.182" level="INFO">Clicking element 'xpath://td[@data-row='0' and @data-column=1]'.</msg>
<status status="PASS" starttime="20190425 00:10:49.739" endtime="20190425 00:10:51.088"></status>
</kw>
<kw name="Enter X In Table Cell" library="TicTacToe">
<doc>Click in the displayed Tic Tac Toe board to enter an X into the desired cell, defined by the ``row``
index and ``column`` index (1-based). If the space is already occupied, this will cause an error.</doc>
<arguments>
<arg>row=2</arg>
<arg>column=1</arg>
</arguments>
<msg timestamp="20190425 00:10:51.089" level="INFO">xpath://td[@data-row='1' and @data-column=0]</msg>
<msg timestamp="20190425 00:10:51.529" level="INFO">Clicking row 2, column 1 to place an X in the cell.</msg>
<msg timestamp="20190425 00:10:51.529" level="INFO">Clicking element 'xpath://td[@data-row='1' and @data-column=0]'.</msg>
<status status="PASS" starttime="20190425 00:10:51.089" endtime="20190425 00:10:52.388"></status>
</kw>
<kw name="Winner Should Be Declared" library="Resource">
<doc>Verify that the correct winner is declared after a game is over.</doc>
<arguments>
<arg>X</arg>
</arguments>
<kw name="Wait Until Element Is Visible" library="TicTacToe">
<doc>Waits until element ``locator`` is visible.</doc>
<arguments>
<arg>${GAME_RESULT}</arg>
<arg>error=No result was declared.</arg>
</arguments>
<status status="PASS" starttime="20190425 00:10:52.390" endtime="20190425 00:10:52.831"></status>
</kw>
<kw name="Wait Until Element Contains" library="TicTacToe">
<doc>Waits until element ``locator`` contains ``text``.</doc>
<arguments>
<arg>${GAME_RESULT}</arg>
<arg>Congratulations player ${expected_winner}! You've won. Refresh to play again!</arg>
</arguments>
<kw name="Capture Page Screenshot" library="TicTacToe">
<doc>Takes screenshot of the current page and embeds it into log file.</doc>
<msg timestamp="20190425 00:10:58.798" level="INFO" html="yes">&lt;/td&gt;&lt;/tr&gt;&lt;tr&gt;&lt;td colspan="3"&gt;&lt;a href="selenium-screenshot-4.png"&gt;&lt;img src="selenium-screenshot-4.png" width="800px"&gt;&lt;/a&gt;</msg>
<status status="PASS" starttime="20190425 00:10:58.243" endtime="20190425 00:10:58.799"></status>
</kw>
<msg timestamp="20190425 00:10:58.800" level="FAIL">Element 'id:endgame' did not get text 'Congratulations player X! You've won. Refresh to play again!' in 5 seconds.</msg>
<status status="FAIL" starttime="20190425 00:10:52.832" endtime="20190425 00:10:58.800"></status>
</kw>
<status status="FAIL" starttime="20190425 00:10:52.389" endtime="20190425 00:10:58.801"></status>
</kw>
<kw name="Close All Browsers" library="TicTacToe" type="teardown">
<doc>Closes all open browsers and resets the browser cache.</doc>
<status status="PASS" starttime="20190425 00:10:58.802" endtime="20190425 00:10:59.049"></status>
</kw>
<doc>If *X* fills a column, then player `X` should be declared the winner.</doc>
<tags>
<tag>Game Results</tag>
</tags>
<status status="FAIL" starttime="20190425 00:10:38.291" endtime="20190425 00:10:59.050" critical="yes">Element 'id:endgame' did not get text 'Congratulations player X! You've won. Refresh to play again!' in 5 seconds.</status>
</test>
<test id="s1-s2-t3" name="Win with O in a Diagonal">
<kw name="Go To Tic Tac Toe Site" library="Resource" type="setup">
<doc>Open a browser and navigate to https://codepen.io/jshlfts32/full/bjambP/ to play Tic Tac Toe!</doc>
<kw name="Open Browser" library="TicTacToe">
<doc>Opens a new browser instance to the given ``url``.</doc>
<arguments>
<arg>${GAME_URL}</arg>
<arg>browser=${BROWSER}</arg>
</arguments>
<msg timestamp="20190425 00:10:59.069" level="INFO">Opening browser 'Safari' to base url 'https://codepen.io/jshlfts32/full/bjambP/'.</msg>
<status status="PASS" starttime="20190425 00:10:59.067" endtime="20190425 00:11:05.588"></status>
</kw>
<kw name="Set Selenium Speed" library="TicTacToe">
<doc>Sets the delay that is waited after each Selenium command.</doc>
<arguments>
<arg>0.15 seconds</arg>
</arguments>
<status status="PASS" starttime="20190425 00:11:05.591" endtime="20190425 00:11:05.593"></status>
</kw>
<kw name="Set Window Size" library="TicTacToe">
<doc>Sets current windows size to given ``width`` and ``height``.</doc>
<arguments>
<arg>1440</arg>
<arg>800</arg>
</arguments>
<status status="PASS" starttime="20190425 00:11:05.593" endtime="20190425 00:11:05.887"></status>
</kw>
<kw name="Set Window Position" library="TicTacToe">
<doc>Sets window position using ``x`` and ``y`` coordinates.</doc>
<arguments>
<arg>2</arg>
<arg>2</arg>
</arguments>
<status status="PASS" starttime="20190425 00:11:05.889" endtime="20190425 00:11:06.139"></status>
</kw>
<kw name="Select Frame" library="TicTacToe">
<doc>Sets frame identified by ``locator`` as the current frame.</doc>
<arguments>
<arg>${PAGE_FRAME}</arg>
</arguments>
<msg timestamp="20190425 00:11:06.142" level="INFO">Selecting frame 'id:result'.</msg>
<status status="PASS" starttime="20190425 00:11:06.140" endtime="20190425 00:11:06.592"></status>
</kw>
<status status="PASS" starttime="20190425 00:10:59.061" endtime="20190425 00:11:06.593"></status>
</kw>
<kw name="Start A New Game" library="TicTacToe">
<doc>Start a new game of Tic Tac Toe on the site. Default board ``size`` is 3x3.</doc>
<arguments>
<arg>size=4</arg>
</arguments>
<msg timestamp="20190425 00:11:06.596" level="INFO">Starting a new game of Tic Tac Toe on a 4x4 board.</msg>
<msg timestamp="20190425 00:11:07.028" level="INFO">Typing text '4' into text field 'id:number'.</msg>
<msg timestamp="20190425 00:11:07.886" level="INFO">Clicking button 'Play'.</msg>
<status status="PASS" starttime="20190425 00:11:06.596" endtime="20190425 00:11:09.186"></status>
</kw>
<kw name="Enter X In Table Cell" library="TicTacToe">
<doc>Click in the displayed Tic Tac Toe board to enter an X into the desired cell, defined by the ``row``
index and ``column`` index (1-based). If the space is already occupied, this will cause an error.</doc>
<arguments>
<arg>row=1</arg>
<arg>column=2</arg>
</arguments>
<msg timestamp="20190425 00:11:09.188" level="INFO">xpath://td[@data-row='0' and @data-column=1]</msg>
<msg timestamp="20190425 00:11:09.632" level="INFO">Clicking row 1, column 2 to place an X in the cell.</msg>
<msg timestamp="20190425 00:11:09.632" level="INFO">Clicking element 'xpath://td[@data-row='0' and @data-column=1]'.</msg>
<status status="PASS" starttime="20190425 00:11:09.187" endtime="20190425 00:11:10.492"></status>
</kw>
<kw name="Enter O In Table Cell" library="TicTacToe">
<doc>Click in the displayed Tic Tac Toe board to enter an X into the desired cell, defined by the ``row``
index and ``column`` index (1-based).</doc>
<arguments>
<arg>row=1</arg>
<arg>column=1</arg>
</arguments>
<msg timestamp="20190425 00:11:10.494" level="INFO">xpath://td[@data-row='0' and @data-column=0]</msg>
<msg timestamp="20190425 00:11:10.932" level="INFO">Clicking row 1, column 1 to place an O in the cell.</msg>
<msg timestamp="20190425 00:11:10.932" level="INFO">Clicking element 'xpath://td[@data-row='0' and @data-column=0]'.</msg>
<status status="PASS" starttime="20190425 00:11:10.493" endtime="20190425 00:11:11.788"></status>
</kw>
<kw name="Enter X In Table Cell" library="TicTacToe">
<doc>Click in the displayed Tic Tac Toe board to enter an X into the desired cell, defined by the ``row``
index and ``column`` index (1-based). If the space is already occupied, this will cause an error.</doc>
<arguments>
<arg>row=1</arg>
<arg>column=3</arg>
</arguments>
<msg timestamp="20190425 00:11:11.790" level="INFO">xpath://td[@data-row='0' and @data-column=2]</msg>
<msg timestamp="20190425 00:11:12.232" level="INFO">Clicking row 1, column 3 to place an X in the cell.</msg>
<msg timestamp="20190425 00:11:12.233" level="INFO">Clicking element 'xpath://td[@data-row='0' and @data-column=2]'.</msg>
<status status="PASS" starttime="20190425 00:11:11.789" endtime="20190425 00:11:13.140"></status>
</kw>
<kw name="Enter O In Table Cell" library="TicTacToe">
<doc>Click in the displayed Tic Tac Toe board to enter an X into the desired cell, defined by the ``row``
index and ``column`` index (1-based).</doc>
<arguments>
<arg>row=2</arg>
<arg>column=2</arg>
</arguments>
<msg timestamp="20190425 00:11:13.143" level="INFO">xpath://td[@data-row='1' and @data-column=1]</msg>
<msg timestamp="20190425 00:11:13.582" level="INFO">Clicking row 2, column 2 to place an O in the cell.</msg>
<msg timestamp="20190425 00:11:13.582" level="INFO">Clicking element 'xpath://td[@data-row='1' and @data-column=1]'.</msg>
<status status="PASS" starttime="20190425 00:11:13.141" endtime="20190425 00:11:14.439"></status>
</kw>
<kw name="Enter X In Table Cell" library="TicTacToe">
<doc>Click in the displayed Tic Tac Toe board to enter an X into the desired cell, defined by the ``row``
index and ``column`` index (1-based). If the space is already occupied, this will cause an error.</doc>
<arguments>
<arg>row=1</arg>
<arg>column=4</arg>
</arguments>
<msg timestamp="20190425 00:11:14.441" level="INFO">xpath://td[@data-row='0' and @data-column=3]</msg>
<msg timestamp="20190425 00:11:14.879" level="INFO">Clicking row 1, column 4 to place an X in the cell.</msg>
<msg timestamp="20190425 00:11:14.879" level="INFO">Clicking element 'xpath://td[@data-row='0' and @data-column=3]'.</msg>
<status status="PASS" starttime="20190425 00:11:14.440" endtime="20190425 00:11:15.734"></status>
</kw>
<kw name="Enter O In Table Cell" library="TicTacToe">
<doc>Click in the displayed Tic Tac Toe board to enter an X into the desired cell, defined by the ``row``
index and ``column`` index (1-based).</doc>
<arguments>
<arg>row=3</arg>
<arg>column=3</arg>
</arguments>
<msg timestamp="20190425 00:11:15.739" level="INFO">xpath://td[@data-row='2' and @data-column=2]</msg>
<msg timestamp="20190425 00:11:16.181" level="INFO">Clicking row 3, column 3 to place an O in the cell.</msg>
<msg timestamp="20190425 00:11:16.181" level="INFO">Clicking element 'xpath://td[@data-row='2' and @data-column=2]'.</msg>
<status status="PASS" starttime="20190425 00:11:15.738" endtime="20190425 00:11:17.039"></status>
</kw>
<kw name="Enter X In Table Cell" library="TicTacToe">
<doc>Click in the displayed Tic Tac Toe board to enter an X into the desired cell, defined by the ``row``
index and ``column`` index (1-based). If the space is already occupied, this will cause an error.</doc>
<arguments>
<arg>row=2</arg>
<arg>column=4</arg>
</arguments>
<msg timestamp="20190425 00:11:17.040" level="INFO">xpath://td[@data-row='1' and @data-column=3]</msg>
<msg timestamp="20190425 00:11:17.482" level="INFO">Clicking row 2, column 4 to place an X in the cell.</msg>
<msg timestamp="20190425 00:11:17.482" level="INFO">Clicking element 'xpath://td[@data-row='1' and @data-column=3]'.</msg>
<status status="PASS" starttime="20190425 00:11:17.039" endtime="20190425 00:11:18.342"></status>
</kw>
<kw name="Enter O In Table Cell" library="TicTacToe">
<doc>Click in the displayed Tic Tac Toe board to enter an X into the desired cell, defined by the ``row``
index and ``column`` index (1-based).</doc>
<arguments>
<arg>row=4</arg>
<arg>column=4</arg>
</arguments>
<msg timestamp="20190425 00:11:18.344" level="INFO">xpath://td[@data-row='3' and @data-column=3]</msg>
<msg timestamp="20190425 00:11:18.783" level="INFO">Clicking row 4, column 4 to place an O in the cell.</msg>
<msg timestamp="20190425 00:11:18.784" level="INFO">Clicking element 'xpath://td[@data-row='3' and @data-column=3]'.</msg>
<status status="PASS" starttime="20190425 00:11:18.343" endtime="20190425 00:11:19.692"></status>
</kw>
<kw name="Winner Should Be Declared" library="Resource">
<doc>Verify that the correct winner is declared after a game is over.</doc>
<arguments>
<arg>O</arg>
</arguments>
<kw name="Wait Until Element Is Visible" library="TicTacToe">
<doc>Waits until element ``locator`` is visible.</doc>
<arguments>
<arg>${GAME_RESULT}</arg>
<arg>error=No result was declared.</arg>
</arguments>
<status status="PASS" starttime="20190425 00:11:19.695" endtime="20190425 00:11:20.135"></status>
</kw>
<kw name="Wait Until Element Contains" library="TicTacToe">
<doc>Waits until element ``locator`` contains ``text``.</doc>
<arguments>
<arg>${GAME_RESULT}</arg>
<arg>Congratulations player ${expected_winner}! You've won. Refresh to play again!</arg>
</arguments>
<kw name="Capture Page Screenshot" library="TicTacToe">
<doc>Takes screenshot of the current page and embeds it into log file.</doc>
<msg timestamp="20190425 00:11:26.157" level="INFO" html="yes">&lt;/td&gt;&lt;/tr&gt;&lt;tr&gt;&lt;td colspan="3"&gt;&lt;a href="selenium-screenshot-5.png"&gt;&lt;img src="selenium-screenshot-5.png" width="800px"&gt;&lt;/a&gt;</msg>
<status status="PASS" starttime="20190425 00:11:25.593" endtime="20190425 00:11:26.157"></status>
</kw>
<msg timestamp="20190425 00:11:26.159" level="FAIL">Element 'id:endgame' did not get text 'Congratulations player O! You've won. Refresh to play again!' in 5 seconds.</msg>
<status status="FAIL" starttime="20190425 00:11:20.136" endtime="20190425 00:11:26.159"></status>
</kw>
<status status="FAIL" starttime="20190425 00:11:19.693" endtime="20190425 00:11:26.160"></status>
</kw>
<kw name="Close All Browsers" library="TicTacToe" type="teardown">
<doc>Closes all open browsers and resets the browser cache.</doc>
<status status="PASS" starttime="20190425 00:11:26.162" endtime="20190425 00:11:26.435"></status>
</kw>
<doc>If *O* fills a diagonal, then player `O` should be declared the winner.</doc>
<tags>
<tag>Game Results</tag>
</tags>
<status status="FAIL" starttime="20190425 00:10:59.055" endtime="20190425 00:11:26.436" critical="yes">Element 'id:endgame' did not get text 'Congratulations player O! You've won. Refresh to play again!' in 5 seconds.</status>
</test>
<test id="s1-s2-t4" name="Game Should Be Drawn if No Winner">
<kw name="Go To Tic Tac Toe Site" library="Resource" type="setup">
<doc>Open a browser and navigate to https://codepen.io/jshlfts32/full/bjambP/ to play Tic Tac Toe!</doc>
<kw name="Open Browser" library="TicTacToe">
<doc>Opens a new browser instance to the given ``url``.</doc>
<arguments>
<arg>${GAME_URL}</arg>
<arg>browser=${BROWSER}</arg>
</arguments>
<msg timestamp="20190425 00:11:26.448" level="INFO">Opening browser 'Safari' to base url 'https://codepen.io/jshlfts32/full/bjambP/'.</msg>
<status status="PASS" starttime="20190425 00:11:26.445" endtime="20190425 00:11:32.386"></status>
</kw>
<kw name="Set Selenium Speed" library="TicTacToe">
<doc>Sets the delay that is waited after each Selenium command.</doc>
<arguments>
<arg>0.15 seconds</arg>
</arguments>
<status status="PASS" starttime="20190425 00:11:32.387" endtime="20190425 00:11:32.389"></status>
</kw>
<kw name="Set Window Size" library="TicTacToe">
<doc>Sets current windows size to given ``width`` and ``height``.</doc>
<arguments>
<arg>1440</arg>
<arg>800</arg>
</arguments>
<status status="PASS" starttime="20190425 00:11:32.390" endtime="20190425 00:11:32.783"></status>
</kw>
<kw name="Set Window Position" library="TicTacToe">
<doc>Sets window position using ``x`` and ``y`` coordinates.</doc>
<arguments>
<arg>2</arg>
<arg>2</arg>
</arguments>
<status status="PASS" starttime="20190425 00:11:32.784" endtime="20190425 00:11:33.039"></status>
</kw>
<kw name="Select Frame" library="TicTacToe">
<doc>Sets frame identified by ``locator`` as the current frame.</doc>
<arguments>
<arg>${PAGE_FRAME}</arg>
</arguments>
<msg timestamp="20190425 00:11:33.041" level="INFO">Selecting frame 'id:result'.</msg>
<status status="PASS" starttime="20190425 00:11:33.040" endtime="20190425 00:11:33.583"></status>
</kw>
<status status="PASS" starttime="20190425 00:11:26.443" endtime="20190425 00:11:33.584"></status>
</kw>
<kw name="Start A New Game" library="TicTacToe">
<doc>Start a new game of Tic Tac Toe on the site. Default board ``size`` is 3x3.</doc>
<msg timestamp="20190425 00:11:33.590" level="INFO">Starting a new game of Tic Tac Toe on a 3x3 board.</msg>
<msg timestamp="20190425 00:11:34.088" level="INFO">Typing text '3' into text field 'id:number'.</msg>
<msg timestamp="20190425 00:11:34.891" level="INFO">Clicking button 'Play'.</msg>
<status status="PASS" starttime="20190425 00:11:33.589" endtime="20190425 00:11:36.184"></status>
</kw>
<kw name="Fill The 3x3 Board So There Is No Winner">
<doc>No rows, columns, or diagonals will be occupied by a a single letter.</doc>
<kw name="Enter X In Table Cell" library="TicTacToe">
<doc>Click in the displayed Tic Tac Toe board to enter an X into the desired cell, defined by the ``row``
index and ``column`` index (1-based). If the space is already occupied, this will cause an error.</doc>
<arguments>
<arg>row=1</arg>
<arg>column=1</arg>
</arguments>
<msg timestamp="20190425 00:11:36.187" level="INFO">xpath://td[@data-row='0' and @data-column=0]</msg>
<msg timestamp="20190425 00:11:36.632" level="INFO">Clicking row 1, column 1 to place an X in the cell.</msg>
<msg timestamp="20190425 00:11:36.633" level="INFO">Clicking element 'xpath://td[@data-row='0' and @data-column=0]'.</msg>
<status status="PASS" starttime="20190425 00:11:36.186" endtime="20190425 00:11:37.543"></status>
</kw>
<kw name="Enter O In Table Cell" library="TicTacToe">
<doc>Click in the displayed Tic Tac Toe board to enter an X into the desired cell, defined by the ``row``
index and ``column`` index (1-based).</doc>
<arguments>
<arg>row=1</arg>
<arg>column=2</arg>
</arguments>
<msg timestamp="20190425 00:11:37.545" level="INFO">xpath://td[@data-row='0' and @data-column=1]</msg>
<msg timestamp="20190425 00:11:37.984" level="INFO">Clicking row 1, column 2 to place an O in the cell.</msg>
<msg timestamp="20190425 00:11:37.985" level="INFO">Clicking element 'xpath://td[@data-row='0' and @data-column=1]'.</msg>
<status status="PASS" starttime="20190425 00:11:37.543" endtime="20190425 00:11:38.890"></status>
</kw>
<kw name="Enter X In Table Cell" library="TicTacToe">
<doc>Click in the displayed Tic Tac Toe board to enter an X into the desired cell, defined by the ``row``
index and ``column`` index (1-based). If the space is already occupied, this will cause an error.</doc>
<arguments>
<arg>row=1</arg>
<arg>column=3</arg>
</arguments>
<msg timestamp="20190425 00:11:38.892" level="INFO">xpath://td[@data-row='0' and @data-column=2]</msg>
<msg timestamp="20190425 00:11:39.333" level="INFO">Clicking row 1, column 3 to place an X in the cell.</msg>
<msg timestamp="20190425 00:11:39.333" level="INFO">Clicking element 'xpath://td[@data-row='0' and @data-column=2]'.</msg>
<status status="PASS" starttime="20190425 00:11:38.891" endtime="20190425 00:11:40.192"></status>
</kw>
<kw name="Enter O In Table Cell" library="TicTacToe">
<doc>Click in the displayed Tic Tac Toe board to enter an X into the desired cell, defined by the ``row``
index and ``column`` index (1-based).</doc>
<arguments>
<arg>row=2</arg>
<arg>column=2</arg>
</arguments>
<msg timestamp="20190425 00:11:40.194" level="INFO">xpath://td[@data-row='1' and @data-column=1]</msg>
<msg timestamp="20190425 00:11:40.639" level="INFO">Clicking row 2, column 2 to place an O in the cell.</msg>
<msg timestamp="20190425 00:11:40.639" level="INFO">Clicking element 'xpath://td[@data-row='1' and @data-column=1]'.</msg>
<status status="PASS" starttime="20190425 00:11:40.193" endtime="20190425 00:11:41.539"></status>
</kw>
<kw name="Enter X In Table Cell" library="TicTacToe">
<doc>Click in the displayed Tic Tac Toe board to enter an X into the desired cell, defined by the ``row``
index and ``column`` index (1-based). If the space is already occupied, this will cause an error.</doc>
<arguments>
<arg>row=2</arg>
<arg>column=1</arg>
</arguments>
<msg timestamp="20190425 00:11:41.541" level="INFO">xpath://td[@data-row='1' and @data-column=0]</msg>
<msg timestamp="20190425 00:11:41.983" level="INFO">Clicking row 2, column 1 to place an X in the cell.</msg>
<msg timestamp="20190425 00:11:41.984" level="INFO">Clicking element 'xpath://td[@data-row='1' and @data-column=0]'.</msg>
<status status="PASS" starttime="20190425 00:11:41.540" endtime="20190425 00:11:42.895"></status>
</kw>
<kw name="Enter O In Table Cell" library="TicTacToe">
<doc>Click in the displayed Tic Tac Toe board to enter an X into the desired cell, defined by the ``row``
index and ``column`` index (1-based).</doc>
<arguments>
<arg>row=2</arg>
<arg>column=3</arg>
</arguments>
<msg timestamp="20190425 00:11:42.896" level="INFO">xpath://td[@data-row='1' and @data-column=2]</msg>
<msg timestamp="20190425 00:11:43.332" level="INFO">Clicking row 2, column 3 to place an O in the cell.</msg>
<msg timestamp="20190425 00:11:43.332" level="INFO">Clicking element 'xpath://td[@data-row='1' and @data-column=2]'.</msg>
<status status="PASS" starttime="20190425 00:11:42.895" endtime="20190425 00:11:44.187"></status>
</kw>
<kw name="Enter X In Table Cell" library="TicTacToe">
<doc>Click in the displayed Tic Tac Toe board to enter an X into the desired cell, defined by the ``row``
index and ``column`` index (1-based). If the space is already occupied, this will cause an error.</doc>
<arguments>
<arg>row=3</arg>
<arg>column=2</arg>
</arguments>
<msg timestamp="20190425 00:11:44.189" level="INFO">xpath://td[@data-row='2' and @data-column=1]</msg>
<msg timestamp="20190425 00:11:44.632" level="INFO">Clicking row 3, column 2 to place an X in the cell.</msg>
<msg timestamp="20190425 00:11:44.632" level="INFO">Clicking element 'xpath://td[@data-row='2' and @data-column=1]'.</msg>
<status status="PASS" starttime="20190425 00:11:44.188" endtime="20190425 00:11:45.488"></status>
</kw>
<kw name="Enter O In Table Cell" library="TicTacToe">
<doc>Click in the displayed Tic Tac Toe board to enter an X into the desired cell, defined by the ``row``
index and ``column`` index (1-based).</doc>
<arguments>
<arg>row=3</arg>
<arg>column=1</arg>
</arguments>
<msg timestamp="20190425 00:11:45.490" level="INFO">xpath://td[@data-row='2' and @data-column=0]</msg>
<msg timestamp="20190425 00:11:45.930" level="INFO">Clicking row 3, column 1 to place an O in the cell.</msg>
<msg timestamp="20190425 00:11:45.930" level="INFO">Clicking element 'xpath://td[@data-row='2' and @data-column=0]'.</msg>
<status status="PASS" starttime="20190425 00:11:45.488" endtime="20190425 00:11:46.793"></status>
</kw>
<kw name="Enter X In Table Cell" library="TicTacToe">
<doc>Click in the displayed Tic Tac Toe board to enter an X into the desired cell, defined by the ``row``
index and ``column`` index (1-based). If the space is already occupied, this will cause an error.</doc>
<arguments>
<arg>row=3</arg>
<arg>column=3</arg>
</arguments>
<msg timestamp="20190425 00:11:46.795" level="INFO">xpath://td[@data-row='2' and @data-column=2]</msg>
<msg timestamp="20190425 00:11:47.231" level="INFO">Clicking row 3, column 3 to place an X in the cell.</msg>
<msg timestamp="20190425 00:11:47.232" level="INFO">Clicking element 'xpath://td[@data-row='2' and @data-column=2]'.</msg>
<status status="PASS" starttime="20190425 00:11:46.794" endtime="20190425 00:11:48.140"></status>
</kw>
<status status="PASS" starttime="20190425 00:11:36.185" endtime="20190425 00:11:48.140"></status>
</kw>
<kw name="Draw Should Be Declared" library="Resource">
<doc>Verify that a draw is declared after a game is over.</doc>
<kw name="Wait Until Element Is Visible" library="TicTacToe">
<doc>Waits until element ``locator`` is visible.</doc>
<arguments>
<arg>${GAME_RESULT}</arg>
<arg>error=No result was declared.</arg>
</arguments>
<kw name="Capture Page Screenshot" library="TicTacToe">
<doc>Takes screenshot of the current page and embeds it into log file.</doc>
<msg timestamp="20190425 00:11:53.900" level="INFO" html="yes">&lt;/td&gt;&lt;/tr&gt;&lt;tr&gt;&lt;td colspan="3"&gt;&lt;a href="selenium-screenshot-6.png"&gt;&lt;img src="selenium-screenshot-6.png" width="800px"&gt;&lt;/a&gt;</msg>
<status status="PASS" starttime="20190425 00:11:53.289" endtime="20190425 00:11:53.900"></status>
</kw>
<msg timestamp="20190425 00:11:53.903" level="FAIL">No result was declared.</msg>
<status status="FAIL" starttime="20190425 00:11:48.142" endtime="20190425 00:11:53.903"></status>
</kw>
<status status="FAIL" starttime="20190425 00:11:48.141" endtime="20190425 00:11:53.904"></status>
</kw>
<kw name="Close All Browsers" library="TicTacToe" type="teardown">
<doc>Closes all open browsers and resets the browser cache.</doc>
<status status="PASS" starttime="20190425 00:11:53.905" endtime="20190425 00:11:54.159"></status>
</kw>
<doc>If a full row, column or diagonal does not contain a single letter, the game should be drawn.</doc>
<tags>
<tag>Game Results</tag>
</tags>
<status status="FAIL" starttime="20190425 00:11:26.439" endtime="20190425 00:11:54.160" critical="yes">No result was declared.</status>
</test>
<test id="s1-s2-t5" name="No Input Should Be Possible After Game Has Ended">
<kw name="Go To Tic Tac Toe Site" library="Resource" type="setup">
<doc>Open a browser and navigate to https://codepen.io/jshlfts32/full/bjambP/ to play Tic Tac Toe!</doc>
<kw name="Open Browser" library="TicTacToe">
<doc>Opens a new browser instance to the given ``url``.</doc>
<arguments>
<arg>${GAME_URL}</arg>
<arg>browser=${BROWSER}</arg>
</arguments>
<msg timestamp="20190425 00:11:54.201" level="INFO">Opening browser 'Safari' to base url 'https://codepen.io/jshlfts32/full/bjambP/'.</msg>
<status status="PASS" starttime="20190425 00:11:54.185" endtime="20190425 00:11:59.769"></status>
</kw>
<kw name="Set Selenium Speed" library="TicTacToe">
<doc>Sets the delay that is waited after each Selenium command.</doc>
<arguments>
<arg>0.15 seconds</arg>
</arguments>
<status status="PASS" starttime="20190425 00:11:59.771" endtime="20190425 00:11:59.773"></status>
</kw>
<kw name="Set Window Size" library="TicTacToe">
<doc>Sets current windows size to given ``width`` and ``height``.</doc>
<arguments>
<arg>1440</arg>
<arg>800</arg>
</arguments>
<status status="PASS" starttime="20190425 00:11:59.774" endtime="20190425 00:12:00.142"></status>
</kw>
<kw name="Set Window Position" library="TicTacToe">
<doc>Sets window position using ``x`` and ``y`` coordinates.</doc>
<arguments>
<arg>2</arg>
<arg>2</arg>
</arguments>
<status status="PASS" starttime="20190425 00:12:00.143" endtime="20190425 00:12:00.384"></status>
</kw>
<kw name="Select Frame" library="TicTacToe">
<doc>Sets frame identified by ``locator`` as the current frame.</doc>
<arguments>
<arg>${PAGE_FRAME}</arg>
</arguments>
<msg timestamp="20190425 00:12:00.386" level="INFO">Selecting frame 'id:result'.</msg>
<status status="PASS" starttime="20190425 00:12:00.385" endtime="20190425 00:12:00.844"></status>
</kw>
<status status="PASS" starttime="20190425 00:11:54.182" endtime="20190425 00:12:00.845"></status>
</kw>
<kw name="Start A New Game" library="TicTacToe">
<doc>Start a new game of Tic Tac Toe on the site. Default board ``size`` is 3x3.</doc>
<msg timestamp="20190425 00:12:00.846" level="INFO">Starting a new game of Tic Tac Toe on a 3x3 board.</msg>
<msg timestamp="20190425 00:12:01.333" level="INFO">Typing text '3' into text field 'id:number'.</msg>
<msg timestamp="20190425 00:12:02.140" level="INFO">Clicking button 'Play'.</msg>
<status status="PASS" starttime="20190425 00:12:00.846" endtime="20190425 00:12:03.434"></status>
</kw>
<kw name="Enter X In Table Cell" library="TicTacToe">
<doc>Click in the displayed Tic Tac Toe board to enter an X into the desired cell, defined by the ``row``
index and ``column`` index (1-based). If the space is already occupied, this will cause an error.</doc>
<arguments>
<arg>row=1</arg>
<arg>column=1</arg>
</arguments>
<msg timestamp="20190425 00:12:03.436" level="INFO">xpath://td[@data-row='0' and @data-column=0]</msg>
<msg timestamp="20190425 00:12:03.882" level="INFO">Clicking row 1, column 1 to place an X in the cell.</msg>
<msg timestamp="20190425 00:12:03.883" level="INFO">Clicking element 'xpath://td[@data-row='0' and @data-column=0]'.</msg>
<status status="PASS" starttime="20190425 00:12:03.435" endtime="20190425 00:12:04.790"></status>
</kw>
<kw name="Enter O In Table Cell" library="TicTacToe">
<doc>Click in the displayed Tic Tac Toe board to enter an X into the desired cell, defined by the ``row``
index and ``column`` index (1-based).</doc>
<arguments>
<arg>row=1</arg>
<arg>column=2</arg>
</arguments>
<msg timestamp="20190425 00:12:04.793" level="INFO">xpath://td[@data-row='0' and @data-column=1]</msg>
<msg timestamp="20190425 00:12:05.235" level="INFO">Clicking row 1, column 2 to place an O in the cell.</msg>
<msg timestamp="20190425 00:12:05.236" level="INFO">Clicking element 'xpath://td[@data-row='0' and @data-column=1]'.</msg>
<status status="PASS" starttime="20190425 00:12:04.792" endtime="20190425 00:12:06.144"></status>
</kw>
<kw name="Enter X In Table Cell" library="TicTacToe">
<doc>Click in the displayed Tic Tac Toe board to enter an X into the desired cell, defined by the ``row``
index and ``column`` index (1-based). If the space is already occupied, this will cause an error.</doc>
<arguments>
<arg>row=2</arg>
<arg>column=1</arg>
</arguments>
<msg timestamp="20190425 00:12:06.146" level="INFO">xpath://td[@data-row='1' and @data-column=0]</msg>
<msg timestamp="20190425 00:12:06.583" level="INFO">Clicking row 2, column 1 to place an X in the cell.</msg>
<msg timestamp="20190425 00:12:06.584" level="INFO">Clicking element 'xpath://td[@data-row='1' and @data-column=0]'.</msg>
<status status="PASS" starttime="20190425 00:12:06.145" endtime="20190425 00:12:07.440"></status>
</kw>
<kw name="Enter O In Table Cell" library="TicTacToe">
<doc>Click in the displayed Tic Tac Toe board to enter an X into the desired cell, defined by the ``row``
index and ``column`` index (1-based).</doc>
<arguments>
<arg>row=1</arg>
<arg>column=3</arg>
</arguments>
<msg timestamp="20190425 00:12:07.441" level="INFO">xpath://td[@data-row='0' and @data-column=2]</msg>
<msg timestamp="20190425 00:12:07.931" level="INFO">Clicking row 1, column 3 to place an O in the cell.</msg>
<msg timestamp="20190425 00:12:07.931" level="INFO">Clicking element 'xpath://td[@data-row='0' and @data-column=2]'.</msg>
<status status="PASS" starttime="20190425 00:12:07.441" endtime="20190425 00:12:08.790"></status>
</kw>
<kw name="Enter X In Table Cell" library="TicTacToe">
<doc>Click in the displayed Tic Tac Toe board to enter an X into the desired cell, defined by the ``row``
index and ``column`` index (1-based). If the space is already occupied, this will cause an error.</doc>
<arguments>
<arg>row=3</arg>
<arg>column=1</arg>
</arguments>
<msg timestamp="20190425 00:12:08.792" level="INFO">xpath://td[@data-row='2' and @data-column=0]</msg>
<msg timestamp="20190425 00:12:09.231" level="INFO">Clicking row 3, column 1 to place an X in the cell.</msg>
<msg timestamp="20190425 00:12:09.231" level="INFO">Clicking element 'xpath://td[@data-row='2' and @data-column=0]'.</msg>
<status status="PASS" starttime="20190425 00:12:08.791" endtime="20190425 00:12:10.087"></status>
</kw>
<kw name="Run Keyword And Expect Error" library="BuiltIn">
<doc>Runs the keyword and checks that the expected error occurred.</doc>
<arguments>
<arg>${GAME_OVER_ERROR}</arg>
<arg>Enter O in Table Cell</arg>
<arg>row=3</arg>
<arg>column=3</arg>
</arguments>
<kw name="Enter O In Table Cell" library="TicTacToe">
<doc>Click in the displayed Tic Tac Toe board to enter an X into the desired cell, defined by the ``row``
index and ``column`` index (1-based).</doc>
<arguments>
<arg>row=3</arg>
<arg>column=3</arg>
</arguments>
<msg timestamp="20190425 00:12:10.091" level="INFO">xpath://td[@data-row='2' and @data-column=2]</msg>
<msg timestamp="20190425 00:12:10.536" level="INFO">Clicking row 3, column 3 to place an O in the cell.</msg>
<msg timestamp="20190425 00:12:10.536" level="INFO">Clicking element 'xpath://td[@data-row='2' and @data-column=2]'.</msg>
<status status="PASS" starttime="20190425 00:12:10.090" endtime="20190425 00:12:11.435"></status>
</kw>
<msg timestamp="20190425 00:12:11.436" level="FAIL">Expected error 'Unexpected content found in row 3, column 3. Expected O, but found something else.' did not occur.</msg>
<status status="FAIL" starttime="20190425 00:12:10.089" endtime="20190425 00:12:11.436"></status>
</kw>
<kw name="Close All Browsers" library="TicTacToe" type="teardown">
<doc>Closes all open browsers and resets the browser cache.</doc>
<status status="PASS" starttime="20190425 00:12:11.437" endtime="20190425 00:12:11.705"></status>
</kw>
<doc>After a winner or a draw is declared, no further gameplay should be allowed.</doc>
<tags>
<tag>Game Results</tag>
</tags>
<status status="FAIL" starttime="20190425 00:11:54.174" endtime="20190425 00:12:11.706" critical="yes">Expected error 'Unexpected content found in row 3, column 3. Expected O, but found something else.' did not occur.</status>
</test>
<doc>The game is won when a player fills a full table row, column, or diagonal with their letter or no table
cells are left before this result is reached (a draw). Start a new game by refreshing the web page.</doc>
<status status="FAIL" starttime="20190425 00:10:14.817" endtime="20190425 00:12:11.715"></status>
</suite>
<suite id="s1-s3" name="NewGame" source="/Users/michaelrose/ws/calendly/TicTacToe/NewGame.robot">
<test id="s1-s3-t1" name="Start a New Standard Game">
<kw name="Go To Tic Tac Toe Site" library="Resource" type="setup">
<doc>Open a browser and navigate to https://codepen.io/jshlfts32/full/bjambP/ to play Tic Tac Toe!</doc>
<kw name="Open Browser" library="TicTacToe">
<doc>Opens a new browser instance to the given ``url``.</doc>
<arguments>
<arg>${GAME_URL}</arg>
<arg>browser=${BROWSER}</arg>
</arguments>
<msg timestamp="20190425 00:12:11.783" level="INFO">Opening browser 'Safari' to base url 'https://codepen.io/jshlfts32/full/bjambP/'.</msg>
<status status="PASS" starttime="20190425 00:12:11.782" endtime="20190425 00:12:18.029"></status>
</kw>
<kw name="Set Selenium Speed" library="TicTacToe">
<doc>Sets the delay that is waited after each Selenium command.</doc>
<arguments>
<arg>0.15 seconds</arg>
</arguments>
<status status="PASS" starttime="20190425 00:12:18.032" endtime="20190425 00:12:18.035"></status>
</kw>
<kw name="Set Window Size" library="TicTacToe">
<doc>Sets current windows size to given ``width`` and ``height``.</doc>
<arguments>
<arg>1440</arg>
<arg>800</arg>
</arguments>
<status status="PASS" starttime="20190425 00:12:18.036" endtime="20190425 00:12:18.486"></status>
</kw>
<kw name="Set Window Position" library="TicTacToe">
<doc>Sets window position using ``x`` and ``y`` coordinates.</doc>
<arguments>
<arg>2</arg>
<arg>2</arg>
</arguments>
<status status="PASS" starttime="20190425 00:12:18.487" endtime="20190425 00:12:18.734"></status>
</kw>
<kw name="Select Frame" library="TicTacToe">
<doc>Sets frame identified by ``locator`` as the current frame.</doc>
<arguments>
<arg>${PAGE_FRAME}</arg>
</arguments>
<msg timestamp="20190425 00:12:18.736" level="INFO">Selecting frame 'id:result'.</msg>
<status status="PASS" starttime="20190425 00:12:18.735" endtime="20190425 00:12:19.197"></status>
</kw>
<status status="PASS" starttime="20190425 00:12:11.780" endtime="20190425 00:12:19.198"></status>
</kw>
<kw name="Start A New Game" library="TicTacToe">
<doc>Start a new game of Tic Tac Toe on the site. Default board ``size`` is 3x3.</doc>
<msg timestamp="20190425 00:12:19.200" level="INFO">Starting a new game of Tic Tac Toe on a 3x3 board.</msg>
<msg timestamp="20190425 00:12:19.637" level="INFO">Typing text '3' into text field 'id:number'.</msg>
<msg timestamp="20190425 00:12:20.485" level="INFO">Clicking button 'Play'.</msg>
<status status="PASS" starttime="20190425 00:12:19.199" endtime="20190425 00:12:21.787"></status>
</kw>
<kw name="Game Board Should Be Displayed" library="TicTacToe">
<doc>Verify that the Tic Tac Toe board has the expected ``size`` in the format *NxN*.</doc>
<arguments>
<arg>3x3</arg>
</arguments>
<status status="PASS" starttime="20190425 00:12:21.788" endtime="20190425 00:12:22.592"></status>
</kw>
<kw name="Game Board Should Be Empty" library="TicTacToe">
<doc>Verify that all table cells are empty on the game board.</doc>
<status status="PASS" starttime="20190425 00:12:22.593" endtime="20190425 00:12:24.591"></status>
</kw>
<kw name="Close All Browsers" library="TicTacToe" type="teardown">
<doc>Closes all open browsers and resets the browser cache.</doc>
<status status="PASS" starttime="20190425 00:12:24.592" endtime="20190425 00:12:24.890"></status>
</kw>
<doc>Input '3' then click *Play* to generate a standard 3x3 Tic Tac Toe board to play on. All cells
should be empty to begin with.</doc>
<tags>
<tag>New Game</tag>
</tags>
<status status="PASS" starttime="20190425 00:12:11.776" endtime="20190425 00:12:24.891" critical="yes"></status>
</test>
<test id="s1-s3-t2" name="Start a New Non-Standard Game">
<kw name="Go To Tic Tac Toe Site" library="Resource" type="setup">
<doc>Open a browser and navigate to https://codepen.io/jshlfts32/full/bjambP/ to play Tic Tac Toe!</doc>
<kw name="Open Browser" library="TicTacToe">
<doc>Opens a new browser instance to the given ``url``.</doc>
<arguments>
<arg>${GAME_URL}</arg>
<arg>browser=${BROWSER}</arg>
</arguments>
<msg timestamp="20190425 00:12:24.905" level="INFO">Opening browser 'Safari' to base url 'https://codepen.io/jshlfts32/full/bjambP/'.</msg>
<status status="PASS" starttime="20190425 00:12:24.904" endtime="20190425 00:12:30.890"></status>
</kw>
<kw name="Set Selenium Speed" library="TicTacToe">
<doc>Sets the delay that is waited after each Selenium command.</doc>
<arguments>
<arg>0.15 seconds</arg>
</arguments>
<status status="PASS" starttime="20190425 00:12:30.892" endtime="20190425 00:12:30.894"></status>
</kw>
<kw name="Set Window Size" library="TicTacToe">
<doc>Sets current windows size to given ``width`` and ``height``.</doc>
<arguments>
<arg>1440</arg>
<arg>800</arg>
</arguments>
<status status="PASS" starttime="20190425 00:12:30.895" endtime="20190425 00:12:31.242"></status>
</kw>
<kw name="Set Window Position" library="TicTacToe">
<doc>Sets window position using ``x`` and ``y`` coordinates.</doc>
<arguments>
<arg>2</arg>
<arg>2</arg>
</arguments>
<status status="PASS" starttime="20190425 00:12:31.242" endtime="20190425 00:12:31.491"></status>
</kw>
<kw name="Select Frame" library="TicTacToe">
<doc>Sets frame identified by ``locator`` as the current frame.</doc>
<arguments>
<arg>${PAGE_FRAME}</arg>
</arguments>
<msg timestamp="20190425 00:12:31.493" level="INFO">Selecting frame 'id:result'.</msg>
<status status="PASS" starttime="20190425 00:12:31.492" endtime="20190425 00:12:31.985"></status>
</kw>
<status status="PASS" starttime="20190425 00:12:24.902" endtime="20190425 00:12:31.986"></status>
</kw>
<kw name="Start A New Game" library="TicTacToe">
<doc>Start a new game of Tic Tac Toe on the site. Default board ``size`` is 3x3.</doc>
<arguments>
<arg>size=6</arg>
</arguments>
<msg timestamp="20190425 00:12:31.988" level="INFO">Starting a new game of Tic Tac Toe on a 6x6 board.</msg>
<msg timestamp="20190425 00:12:32.486" level="INFO">Typing text '6' into text field 'id:number'.</msg>
<msg timestamp="20190425 00:12:33.337" level="INFO">Clicking button 'Play'.</msg>
<status status="PASS" starttime="20190425 00:12:31.987" endtime="20190425 00:12:34.644"></status>
</kw>
<kw name="Game Board Should Be Displayed" library="TicTacToe">
<doc>Verify that the Tic Tac Toe board has the expected ``size`` in the format *NxN*.</doc>
<arguments>
<arg>6x6</arg>
</arguments>
<status status="PASS" starttime="20190425 00:12:34.646" endtime="20190425 00:12:36.043"></status>
</kw>
<kw name="Game Board Should Be Empty" library="TicTacToe">
<doc>Verify that all table cells are empty on the game board.</doc>
<status status="PASS" starttime="20190425 00:12:36.044" endtime="20190425 00:12:43.692"></status>
</kw>
<kw name="Close All Browsers" library="TicTacToe" type="teardown">
<doc>Closes all open browsers and resets the browser cache.</doc>
<status status="PASS" starttime="20190425 00:12:43.693" endtime="20190425 00:12:44.038"></status>
</kw>
<doc>Input '6' then click *Play* to generate a non-standard 6x6 Tic Tac Toe board to play on. All cells
should be empty to begin with.</doc>
<tags>
<tag>New Game</tag>
</tags>
<status status="PASS" starttime="20190425 00:12:24.898" endtime="20190425 00:12:44.039" critical="yes"></status>
</test>
<test id="s1-s3-t3" name="Clicking Play Multiple Times Should Not Affect The Board">
<kw name="Go To Tic Tac Toe Site" library="Resource" type="setup">
<doc>Open a browser and navigate to https://codepen.io/jshlfts32/full/bjambP/ to play Tic Tac Toe!</doc>
<kw name="Open Browser" library="TicTacToe">
<doc>Opens a new browser instance to the given ``url``.</doc>
<arguments>
<arg>${GAME_URL}</arg>
<arg>browser=${BROWSER}</arg>
</arguments>
<msg timestamp="20190425 00:12:44.053" level="INFO">Opening browser 'Safari' to base url 'https://codepen.io/jshlfts32/full/bjambP/'.</msg>
<status status="PASS" starttime="20190425 00:12:44.052" endtime="20190425 00:12:50.390"></status>
</kw>
<kw name="Set Selenium Speed" library="TicTacToe">
<doc>Sets the delay that is waited after each Selenium command.</doc>
<arguments>
<arg>0.15 seconds</arg>
</arguments>
<status status="PASS" starttime="20190425 00:12:50.393" endtime="20190425 00:12:50.396"></status>
</kw>
<kw name="Set Window Size" library="TicTacToe">
<doc>Sets current windows size to given ``width`` and ``height``.</doc>
<arguments>
<arg>1440</arg>
<arg>800</arg>
</arguments>
<status status="PASS" starttime="20190425 00:12:50.397" endtime="20190425 00:12:50.743"></status>
</kw>
<kw name="Set Window Position" library="TicTacToe">
<doc>Sets window position using ``x`` and ``y`` coordinates.</doc>
<arguments>
<arg>2</arg>
<arg>2</arg>
</arguments>
<status status="PASS" starttime="20190425 00:12:50.743" endtime="20190425 00:12:50.987"></status>
</kw>
<kw name="Select Frame" library="TicTacToe">
<doc>Sets frame identified by ``locator`` as the current frame.</doc>
<arguments>
<arg>${PAGE_FRAME}</arg>
</arguments>
<msg timestamp="20190425 00:12:50.989" level="INFO">Selecting frame 'id:result'.</msg>
<status status="PASS" starttime="20190425 00:12:50.988" endtime="20190425 00:12:51.437"></status>
</kw>
<status status="PASS" starttime="20190425 00:12:44.051" endtime="20190425 00:12:51.438"></status>
</kw>
<kw name="Start A New Game" library="TicTacToe">
<doc>Start a new game of Tic Tac Toe on the site. Default board ``size`` is 3x3.</doc>
<msg timestamp="20190425 00:12:51.441" level="INFO">Starting a new game of Tic Tac Toe on a 3x3 board.</msg>
<msg timestamp="20190425 00:12:51.884" level="INFO">Typing text '3' into text field 'id:number'.</msg>
<msg timestamp="20190425 00:12:52.691" level="INFO">Clicking button 'Play'.</msg>
<status status="PASS" starttime="20190425 00:12:51.440" endtime="20190425 00:12:53.988"></status>
</kw>
<kw name="Click Button" library="TicTacToe">
<doc>Clicks button identified by ``locator``.</doc>
<arguments>
<arg>Play</arg>
</arguments>
<msg timestamp="20190425 00:12:53.990" level="INFO">Clicking button 'Play'.</msg>
<status status="PASS" starttime="20190425 00:12:53.989" endtime="20190425 00:12:55.033"></status>
</kw>
<kw name="Game Board Should Be Displayed" library="TicTacToe">
<doc>Verify that the Tic Tac Toe board has the expected ``size`` in the format *NxN*.</doc>
<arguments>
<arg>3x3</arg>
</arguments>
<kw name="Capture Page Screenshot" library="TicTacToe">
<doc>Takes screenshot of the current page and embeds it into log file.</doc>
<msg timestamp="20190425 00:12:55.747" level="INFO" html="yes">&lt;/td&gt;&lt;/tr&gt;&lt;tr&gt;&lt;td colspan="3"&gt;&lt;a href="selenium-screenshot-7.png"&gt;&lt;img src="selenium-screenshot-7.png" width="800px"&gt;&lt;/a&gt;</msg>
<status status="PASS" starttime="20190425 00:12:55.234" endtime="20190425 00:12:55.747"></status>
</kw>
<msg timestamp="20190425 00:12:55.752" level="FAIL">Unexpected number of rows in the game board.</msg>
<status status="FAIL" starttime="20190425 00:12:55.034" endtime="20190425 00:12:55.753"></status>
</kw>
<kw name="Close All Browsers" library="TicTacToe" type="teardown">
<doc>Closes all open browsers and resets the browser cache.</doc>
<status status="PASS" starttime="20190425 00:12:55.754" endtime="20190425 00:12:56.045"></status>
</kw>
<doc>Once a new game is started in the session, clicking the *Play* button should not affect the board.</doc>
<tags>
<tag>New Game</tag>
</tags>
<status status="FAIL" starttime="20190425 00:12:44.042" endtime="20190425 00:12:56.046" critical="yes">Unexpected number of rows in the game board.</status>
</test>
<test id="s1-s3-t4" name="No Board Should Be Displayed By Default">
<kw name="Go To Tic Tac Toe Site" library="Resource" type="setup">
<doc>Open a browser and navigate to https://codepen.io/jshlfts32/full/bjambP/ to play Tic Tac Toe!</doc>
<kw name="Open Browser" library="TicTacToe">
<doc>Opens a new browser instance to the given ``url``.</doc>
<arguments>
<arg>${GAME_URL}</arg>
<arg>browser=${BROWSER}</arg>
</arguments>
<msg timestamp="20190425 00:12:56.059" level="INFO">Opening browser 'Safari' to base url 'https://codepen.io/jshlfts32/full/bjambP/'.</msg>
<status status="PASS" starttime="20190425 00:12:56.057" endtime="20190425 00:13:02.018"></status>
</kw>
<kw name="Set Selenium Speed" library="TicTacToe">
<doc>Sets the delay that is waited after each Selenium command.</doc>
<arguments>
<arg>0.15 seconds</arg>
</arguments>
<status status="PASS" starttime="20190425 00:13:02.020" endtime="20190425 00:13:02.021"></status>
</kw>
<kw name="Set Window Size" library="TicTacToe">
<doc>Sets current windows size to given ``width`` and ``height``.</doc>
<arguments>
<arg>1440</arg>
<arg>800</arg>
</arguments>
<status status="PASS" starttime="20190425 00:13:02.022" endtime="20190425 00:13:02.283"></status>
</kw>
<kw name="Set Window Position" library="TicTacToe">
<doc>Sets window position using ``x`` and ``y`` coordinates.</doc>
<arguments>
<arg>2</arg>
<arg>2</arg>
</arguments>
<status status="PASS" starttime="20190425 00:13:02.284" endtime="20190425 00:13:02.495"></status>
</kw>
<kw name="Select Frame" library="TicTacToe">
<doc>Sets frame identified by ``locator`` as the current frame.</doc>
<arguments>
<arg>${PAGE_FRAME}</arg>
</arguments>
<msg timestamp="20190425 00:13:02.498" level="INFO">Selecting frame 'id:result'.</msg>
<status status="PASS" starttime="20190425 00:13:02.496" endtime="20190425 00:13:02.943"></status>
</kw>
<status status="PASS" starttime="20190425 00:12:56.054" endtime="20190425 00:13:02.944"></status>
</kw>
<kw name="Game Board Should Be Displayed" library="TicTacToe">
<doc>Verify that the Tic Tac Toe board has the expected ``size`` in the format *NxN*.</doc>
<arguments>
<arg>0x0</arg>
</arguments>
<status status="PASS" starttime="20190425 00:13:02.945" endtime="20190425 00:13:03.143"></status>
</kw>
<kw name="Close All Browsers" library="TicTacToe" type="teardown">
<doc>Closes all open browsers and resets the browser cache.</doc>
<status status="PASS" starttime="20190425 00:13:03.145" endtime="20190425 00:13:03.396"></status>
</kw>
<doc>Upon first arriving at the Tic Tac Toe site or refreshing page, the game board should not be displayed.</doc>
<tags>
<tag>New Game</tag>
</tags>
<status status="PASS" starttime="20190425 00:12:56.048" endtime="20190425 00:13:03.398" critical="yes"></status>
</test>
<test id="s1-s3-t5" name="No Board Should Be Displayed When Non-Numeric Input">
<kw name="Go To Tic Tac Toe Site" library="Resource" type="setup">
<doc>Open a browser and navigate to https://codepen.io/jshlfts32/full/bjambP/ to play Tic Tac Toe!</doc>
<kw name="Open Browser" library="TicTacToe">
<doc>Opens a new browser instance to the given ``url``.</doc>
<arguments>
<arg>${GAME_URL}</arg>
<arg>browser=${BROWSER}</arg>
</arguments>
<msg timestamp="20190425 00:13:03.416" level="INFO">Opening browser 'Safari' to base url 'https://codepen.io/jshlfts32/full/bjambP/'.</msg>
<status status="PASS" starttime="20190425 00:13:03.415" endtime="20190425 00:13:10.585"></status>
</kw>
<kw name="Set Selenium Speed" library="TicTacToe">
<doc>Sets the delay that is waited after each Selenium command.</doc>
<arguments>
<arg>0.15 seconds</arg>
</arguments>
<status status="PASS" starttime="20190425 00:13:10.587" endtime="20190425 00:13:10.591"></status>
</kw>
<kw name="Set Window Size" library="TicTacToe">
<doc>Sets current windows size to given ``width`` and ``height``.</doc>
<arguments>
<arg>1440</arg>
<arg>800</arg>
</arguments>
<status status="PASS" starttime="20190425 00:13:10.593" endtime="20190425 00:13:10.893"></status>
</kw>
<kw name="Set Window Position" library="TicTacToe">
<doc>Sets window position using ``x`` and ``y`` coordinates.</doc>
<arguments>
<arg>2</arg>
<arg>2</arg>
</arguments>
<status status="PASS" starttime="20190425 00:13:10.893" endtime="20190425 00:13:11.137"></status>
</kw>
<kw name="Select Frame" library="TicTacToe">
<doc>Sets frame identified by ``locator`` as the current frame.</doc>
<arguments>
<arg>${PAGE_FRAME}</arg>
</arguments>
<msg timestamp="20190425 00:13:11.140" level="INFO">Selecting frame 'id:result'.</msg>
<status status="PASS" starttime="20190425 00:13:11.138" endtime="20190425 00:13:11.592"></status>
</kw>
<status status="PASS" starttime="20190425 00:13:03.413" endtime="20190425 00:13:11.593"></status>
</kw>
<kw name="Start A New Game" library="TicTacToe">
<doc>Start a new game of Tic Tac Toe on the site. Default board ``size`` is 3x3.</doc>
<arguments>
<arg>size=invalid</arg>
</arguments>
<msg timestamp="20190425 00:13:11.595" level="INFO">Starting a new game of Tic Tac Toe on a invalidxinvalid board.</msg>
<msg timestamp="20190425 00:13:12.087" level="INFO">Typing text 'invalid' into text field 'id:number'.</msg>
<msg timestamp="20190425 00:13:13.036" level="INFO">Clicking button 'Play'.</msg>
<status status="PASS" starttime="20190425 00:13:11.594" endtime="20190425 00:13:14.338"></status>
</kw>
<kw name="Game Board Should Be Displayed" library="TicTacToe">
<doc>Verify that the Tic Tac Toe board has the expected ``size`` in the format *NxN*.</doc>
<arguments>
<arg>0x0</arg>
</arguments>
<status status="PASS" starttime="20190425 00:13:14.339" endtime="20190425 00:13:14.542"></status>
</kw>
<kw name="Close All Browsers" library="TicTacToe" type="teardown">
<doc>Closes all open browsers and resets the browser cache.</doc>
<status status="PASS" starttime="20190425 00:13:14.543" endtime="20190425 00:13:14.801"></status>
</kw>
<doc>Invalid input to start the game should have no effect.</doc>
<tags>
<tag>New Game</tag>
</tags>
<status status="PASS" starttime="20190425 00:13:03.401" endtime="20190425 00:13:14.801" critical="yes"></status>
</test>
<doc>Start a Tic Tac Toe game by entering a number in the input box, then click `Play`.</doc>
<status status="FAIL" starttime="20190425 00:12:11.744" endtime="20190425 00:13:14.810"></status>
</suite>
<status status="FAIL" starttime="20190425 00:09:32.088" endtime="20190425 00:13:14.835"></status>
</suite>
<statistics>
<total>
<stat pass="6" fail="6">Critical Tests</stat>
<stat pass="6" fail="6">All Tests</stat>
</total>
<tag>
<stat pass="2" fail="0">Gameplay</stat>
<stat pass="0" fail="5">Game Results</stat>
<stat pass="4" fail="1">New Game</stat>
</tag>
<suite>
<stat pass="6" fail="6" id="s1" name="TicTacToe">TicTacToe</stat>
<stat pass="2" fail="0" id="s1-s1" name="Gameplay">TicTacToe.Gameplay</stat>
<stat pass="0" fail="5" id="s1-s2" name="GameResults">TicTacToe.GameResults</stat>
<stat pass="4" fail="1" id="s1-s3" name="NewGame">TicTacToe.NewGame</stat>
</suite>
</statistics>
<errors>
</errors>
</robot>
